Exporter version: 2.93.5, Blender version: 2.93.1
========= Conversion from Blender to Babylon.js =========
	Scene settings used :
		Inline textures     :  false
		Material Type       :  PBR
		Positions Precision :  4
		Normals Precision   :  3
		UVs Precision       :  3
		Vert Color Precision:  3
		Mat Weight Precision:  2
		Keep Z-up r-handed  :  no
		Texture directory   :  /Users/laianavarroolivella/Proyectos/Alzheimer/recursos/
	Python World class constructor completed
	processing begun of camera (UniversalCamera):  Camera
	processing begun of mesh:  Sphere
		processing begun of material:  Material.001
		num positions      :  11680
		num normals        :  11680
		num tangents       :  0
		num uvs            :  23360
		num uvs2           :  0
		num colors         :  46720
		num triangles      :  4060
	processing begun of mesh:  Cylinder
		processing begun of material:  Material.002
		num positions      :  309
		num normals        :  309
		num tangents       :  0
		num uvs            :  618
		num uvs2           :  0
		num colors         :  1236
		num triangles      :  124
	processing begun of light (POINT):  Light
========= Writing of JSON file started =========
	writing mesh:  Sphere
	writing mesh:  Cylinder
========= Writing of JSON file completed =========
========= end of processing =========
elapsed time:  0 min, 0.1996 secs
