Exporter version: 2.93.5, Blender version: 2.93.1
========= Conversion from Blender to Babylon.js =========
	Scene settings used :
		Inline textures     :  false
		Material Type       :  PBR
		Positions Precision :  4
		Normals Precision   :  3
		UVs Precision       :  3
		Vert Color Precision:  3
		Mat Weight Precision:  2
		Keep Z-up r-handed  :  no
		Texture directory   :  /Users/laianavarroolivella/Proyectos/Alzheimer/recursos/
	Python World class constructor completed
	WARNING: No active camera has been assigned, or is not in a currently enabled collection
	processing begun of node:  Pineapple
	processing begun of mesh:  Pineapple.001
		processing begun of material:  b0b0b0
		num positions      :  226913
		num normals        :  226913
		num tangents       :  907652
		num uvs            :  0
		num uvs2           :  0
		num colors         :  0
		num triangles      :  78187
========= Writing of JSON file started =========
	writing mesh:  Pineapple.001
========= Writing of JSON file completed =========
========= end of processing =========
elapsed time:  0 min, 2.9349 secs
